{"/Users/majordan/Documents/GitHub/jupiter/master/jupiter.min.js":{"path":"/Users/majordan/Documents/GitHub/jupiter/master/jupiter.min.js","s":{"1":1,"2":1,"3":26,"4":1,"5":1,"6":7,"7":7,"8":7,"9":7,"10":7,"11":7,"12":0,"13":7,"14":10,"15":7,"16":1,"17":1,"18":0,"19":1,"20":0,"21":0,"22":0,"23":0,"24":0,"25":1,"26":2,"27":2,"28":5,"29":5,"30":0,"31":5,"32":1,"33":3,"34":1,"35":4,"36":0},"b":{"1":[26,0],"2":[7,5],"3":[2,5],"4":[5,2],"5":[2,0],"6":[2,2],"7":[1,6],"8":[7,3],"9":[1,5],"10":[0,7],"11":[0,1],"12":[0,1],"13":[0,0],"14":[0,2],"15":[2,2,2],"16":[0,5],"17":[1,4],"18":[0,1],"19":[1,0],"20":[1,0],"21":[1,1],"22":[0,1]},"f":{"1":1,"2":26,"3":7,"4":7,"5":0,"6":7,"7":1,"8":2,"9":5,"10":0},"fnMap":{"1":{"name":"(anonymous_1)","line":6,"loc":{"start":{"line":6,"column":1},"end":{"line":6,"column":12}}},"2":{"name":"n","line":6,"loc":{"start":{"line":6,"column":13},"end":{"line":6,"column":26}}},"3":{"name":"(anonymous_3)","line":6,"loc":{"start":{"line":6,"column":139},"end":{"line":6,"column":152}}},"4":{"name":"(anonymous_4)","line":6,"loc":{"start":{"line":6,"column":175},"end":{"line":6,"column":190}}},"5":{"name":"(anonymous_5)","line":6,"loc":{"start":{"line":6,"column":335},"end":{"line":6,"column":345}}},"6":{"name":"(anonymous_6)","line":6,"loc":{"start":{"line":6,"column":410},"end":{"line":6,"column":420}}},"7":{"name":"(anonymous_7)","line":6,"loc":{"start":{"line":6,"column":560},"end":{"line":6,"column":571}}},"8":{"name":"(anonymous_8)","line":6,"loc":{"start":{"line":6,"column":740},"end":{"line":6,"column":753}}},"9":{"name":"(anonymous_9)","line":6,"loc":{"start":{"line":6,"column":825},"end":{"line":6,"column":836}}},"10":{"name":"(anonymous_10)","line":6,"loc":{"start":{"line":6,"column":1041},"end":{"line":6,"column":1051}}}},"statementMap":{"1":{"start":{"line":6,"column":0},"end":{"line":6,"column":1201}},"2":{"start":{"line":6,"column":13},"end":{"line":6,"column":117}},"3":{"start":{"line":6,"column":27},"end":{"line":6,"column":116}},"4":{"start":{"line":6,"column":117},"end":{"line":6,"column":130}},"5":{"start":{"line":6,"column":130},"end":{"line":6,"column":1160}},"6":{"start":{"line":6,"column":153},"end":{"line":6,"column":162}},"7":{"start":{"line":6,"column":162},"end":{"line":6,"column":821}},"8":{"start":{"line":6,"column":191},"end":{"line":6,"column":200}},"9":{"start":{"line":6,"column":200},"end":{"line":6,"column":402}},"10":{"start":{"line":6,"column":421},"end":{"line":6,"column":431}},"11":{"start":{"line":6,"column":431},"end":{"line":6,"column":467}},"12":{"start":{"line":6,"column":455},"end":{"line":6,"column":467}},"13":{"start":{"line":6,"column":467},"end":{"line":6,"column":539}},"14":{"start":{"line":6,"column":501},"end":{"line":6,"column":539}},"15":{"start":{"line":6,"column":539},"end":{"line":6,"column":550}},"16":{"start":{"line":6,"column":572},"end":{"line":6,"column":580}},"17":{"start":{"line":6,"column":580},"end":{"line":6,"column":616}},"18":{"start":{"line":6,"column":604},"end":{"line":6,"column":616}},"19":{"start":{"line":6,"column":616},"end":{"line":6,"column":707}},"20":{"start":{"line":6,"column":622},"end":{"line":6,"column":695}},"21":{"start":{"line":6,"column":652},"end":{"line":6,"column":695}},"22":{"start":{"line":6,"column":672},"end":{"line":6,"column":689}},"23":{"start":{"line":6,"column":689},"end":{"line":6,"column":694}},"24":{"start":{"line":6,"column":695},"end":{"line":6,"column":706}},"25":{"start":{"line":6,"column":707},"end":{"line":6,"column":730}},"26":{"start":{"line":6,"column":754},"end":{"line":6,"column":776}},"27":{"start":{"line":6,"column":776},"end":{"line":6,"column":818}},"28":{"start":{"line":6,"column":837},"end":{"line":6,"column":854}},"29":{"start":{"line":6,"column":854},"end":{"line":6,"column":902}},"30":{"start":{"line":6,"column":860},"end":{"line":6,"column":902}},"31":{"start":{"line":6,"column":902},"end":{"line":6,"column":980}},"32":{"start":{"line":6,"column":921},"end":{"line":6,"column":971}},"33":{"start":{"line":6,"column":953},"end":{"line":6,"column":971}},"34":{"start":{"line":6,"column":971},"end":{"line":6,"column":979}},"35":{"start":{"line":6,"column":980},"end":{"line":6,"column":993}},"36":{"start":{"line":6,"column":1052},"end":{"line":6,"column":1060}}},"branchMap":{"1":{"line":6,"type":"binary-expr","locations":[{"start":{"line":6,"column":65},"end":{"line":6,"column":66}},{"start":{"line":6,"column":68},"end":{"line":6,"column":72}}]},"2":{"line":6,"type":"binary-expr","locations":[{"start":{"line":6,"column":207},"end":{"line":6,"column":226}},{"start":{"line":6,"column":229},"end":{"line":6,"column":236}}]},"3":{"line":6,"type":"cond-expr","locations":[{"start":{"line":6,"column":260},"end":{"line":6,"column":261}},{"start":{"line":6,"column":262},"end":{"line":6,"column":286}}]},"4":{"line":6,"type":"cond-expr","locations":[{"start":{"line":6,"column":310},"end":{"line":6,"column":311}},{"start":{"line":6,"column":312},"end":{"line":6,"column":347}}]},"5":{"line":6,"type":"cond-expr","locations":[{"start":{"line":6,"column":333},"end":{"line":6,"column":334}},{"start":{"line":6,"column":335},"end":{"line":6,"column":347}}]},"6":{"line":6,"type":"binary-expr","locations":[{"start":{"line":6,"column":312},"end":{"line":6,"column":313}},{"start":{"line":6,"column":315},"end":{"line":6,"column":332}}]},"7":{"line":6,"type":"cond-expr","locations":[{"start":{"line":6,"column":377},"end":{"line":6,"column":378}},{"start":{"line":6,"column":379},"end":{"line":6,"column":384}}]},"8":{"line":6,"type":"binary-expr","locations":[{"start":{"line":6,"column":358},"end":{"line":6,"column":359}},{"start":{"line":6,"column":361},"end":{"line":6,"column":376}}]},"9":{"line":6,"type":"cond-expr","locations":[{"start":{"line":6,"column":381},"end":{"line":6,"column":382}},{"start":{"line":6,"column":383},"end":{"line":6,"column":384}}]},"10":{"line":6,"type":"if","locations":[{"start":{"line":6,"column":431},"end":{"line":6,"column":431}},{"start":{"line":6,"column":431},"end":{"line":6,"column":431}}]},"11":{"line":6,"type":"if","locations":[{"start":{"line":6,"column":580},"end":{"line":6,"column":580}},{"start":{"line":6,"column":580},"end":{"line":6,"column":580}}]},"12":{"line":6,"type":"if","locations":[{"start":{"line":6,"column":616},"end":{"line":6,"column":616}},{"start":{"line":6,"column":616},"end":{"line":6,"column":616}}]},"13":{"line":6,"type":"if","locations":[{"start":{"line":6,"column":652},"end":{"line":6,"column":652}},{"start":{"line":6,"column":652},"end":{"line":6,"column":652}}]},"14":{"line":6,"type":"cond-expr","locations":[{"start":{"line":6,"column":769},"end":{"line":6,"column":770}},{"start":{"line":6,"column":771},"end":{"line":6,"column":775}}]},"15":{"line":6,"type":"binary-expr","locations":[{"start":{"line":6,"column":783},"end":{"line":6,"column":784}},{"start":{"line":6,"column":786},"end":{"line":6,"column":803}},{"start":{"line":6,"column":805},"end":{"line":6,"column":816}}]},"16":{"line":6,"type":"if","locations":[{"start":{"line":6,"column":854},"end":{"line":6,"column":854}},{"start":{"line":6,"column":854},"end":{"line":6,"column":854}}]},"17":{"line":6,"type":"if","locations":[{"start":{"line":6,"column":902},"end":{"line":6,"column":902}},{"start":{"line":6,"column":902},"end":{"line":6,"column":902}}]},"18":{"line":6,"type":"cond-expr","locations":[{"start":{"line":6,"column":1034},"end":{"line":6,"column":1069}},{"start":{"line":6,"column":1071},"end":{"line":6,"column":1160}}]},"19":{"line":6,"type":"binary-expr","locations":[{"start":{"line":6,"column":995},"end":{"line":6,"column":1020}},{"start":{"line":6,"column":1022},"end":{"line":6,"column":1032}}]},"20":{"line":6,"type":"cond-expr","locations":[{"start":{"line":6,"column":1115},"end":{"line":6,"column":1138}},{"start":{"line":6,"column":1141},"end":{"line":6,"column":1159}}]},"21":{"line":6,"type":"binary-expr","locations":[{"start":{"line":6,"column":1071},"end":{"line":6,"column":1097}},{"start":{"line":6,"column":1099},"end":{"line":6,"column":1113}}]},"22":{"line":6,"type":"cond-expr","locations":[{"start":{"line":6,"column":1190},"end":{"line":6,"column":1196}},{"start":{"line":6,"column":1197},"end":{"line":6,"column":1199}}]}}},"/Users/majordan/Documents/GitHub/jupiter/master/jupiter.js":{"path":"/Users/majordan/Documents/GitHub/jupiter/master/jupiter.js","s":{"1":1,"2":1,"3":1,"4":26,"5":1,"6":7,"7":7,"8":7,"9":7,"10":5,"11":7,"12":7,"13":7,"14":7,"15":7,"16":7,"17":7,"18":7,"19":0,"20":7,"21":7,"22":10,"23":7,"24":7,"25":1,"26":1,"27":0,"28":1,"29":0,"30":0,"31":0,"32":0,"33":0,"34":1,"35":1,"36":7,"37":2,"38":2,"39":2,"40":2,"41":7,"42":1,"43":5,"44":5,"45":0,"46":5,"47":1,"48":1,"49":3,"50":1,"51":4,"52":1,"53":0,"54":0,"55":0,"56":1,"57":1,"58":1,"59":0},"b":{"1":[26,0],"2":[5,2],"3":[2,5],"4":[5,2],"5":[2,0],"6":[2,2],"7":[1,6],"8":[7,3],"9":[1,5],"10":[0,7],"11":[0,1],"12":[0,1],"13":[0,0],"14":[0,2],"15":[2,0],"16":[2,2],"17":[0,5],"18":[1,4],"19":[0,1],"20":[1,0],"21":[1,0],"22":[1,1],"23":[0,1]},"f":{"1":1,"2":26,"3":7,"4":7,"5":0,"6":7,"7":1,"8":2,"9":5,"10":0},"fnMap":{"1":{"name":"(anonymous_1)","line":7,"loc":{"start":{"line":7,"column":1},"end":{"line":7,"column":18}}},"2":{"name":"typeOf","line":11,"loc":{"start":{"line":11,"column":4},"end":{"line":11,"column":26}}},"3":{"name":"(anonymous_3)","line":15,"loc":{"start":{"line":15,"column":14},"end":{"line":15,"column":42}}},"4":{"name":"(anonymous_4)","line":18,"loc":{"start":{"line":18,"column":20},"end":{"line":18,"column":47}}},"5":{"name":"(anonymous_5)","line":26,"loc":{"start":{"line":26,"column":109},"end":{"line":26,"column":120}}},"6":{"name":"(anonymous_6)","line":34,"loc":{"start":{"line":34,"column":20},"end":{"line":34,"column":31}}},"7":{"name":"(anonymous_7)","line":50,"loc":{"start":{"line":50,"column":22},"end":{"line":50,"column":36}}},"8":{"name":"(anonymous_8)","line":71,"loc":{"start":{"line":71,"column":22},"end":{"line":71,"column":46}}},"9":{"name":"(anonymous_9)","line":84,"loc":{"start":{"line":84,"column":11},"end":{"line":84,"column":29}}},"10":{"name":"(anonymous_10)","line":105,"loc":{"start":{"line":105,"column":15},"end":{"line":105,"column":26}}}},"statementMap":{"1":{"start":{"line":7,"column":0},"end":{"line":117,"column":50}},"2":{"start":{"line":8,"column":4},"end":{"line":9,"column":22}},"3":{"start":{"line":11,"column":4},"end":{"line":13,"column":5}},"4":{"start":{"line":12,"column":8},"end":{"line":12,"column":104}},"5":{"start":{"line":15,"column":4},"end":{"line":82,"column":6}},"6":{"start":{"line":16,"column":8},"end":{"line":16,"column":23}},"7":{"start":{"line":18,"column":8},"end":{"line":32,"column":10}},"8":{"start":{"line":19,"column":12},"end":{"line":19,"column":32}},"9":{"start":{"line":21,"column":12},"end":{"line":23,"column":13}},"10":{"start":{"line":22,"column":16},"end":{"line":22,"column":39}},"11":{"start":{"line":25,"column":12},"end":{"line":25,"column":91}},"12":{"start":{"line":26,"column":12},"end":{"line":26,"column":124}},"13":{"start":{"line":27,"column":12},"end":{"line":27,"column":109}},"14":{"start":{"line":29,"column":12},"end":{"line":29,"column":47}},"15":{"start":{"line":31,"column":12},"end":{"line":31,"column":24}},"16":{"start":{"line":34,"column":8},"end":{"line":48,"column":10}},"17":{"start":{"line":35,"column":12},"end":{"line":35,"column":28}},"18":{"start":{"line":37,"column":12},"end":{"line":39,"column":13}},"19":{"start":{"line":38,"column":16},"end":{"line":38,"column":28}},"20":{"start":{"line":41,"column":12},"end":{"line":41,"column":36}},"21":{"start":{"line":43,"column":12},"end":{"line":45,"column":13}},"22":{"start":{"line":44,"column":16},"end":{"line":44,"column":59}},"23":{"start":{"line":47,"column":12},"end":{"line":47,"column":24}},"24":{"start":{"line":50,"column":8},"end":{"line":69,"column":10}},"25":{"start":{"line":51,"column":12},"end":{"line":51,"column":23}},"26":{"start":{"line":53,"column":12},"end":{"line":55,"column":13}},"27":{"start":{"line":54,"column":16},"end":{"line":54,"column":28}},"28":{"start":{"line":57,"column":12},"end":{"line":65,"column":13}},"29":{"start":{"line":58,"column":16},"end":{"line":63,"column":17}},"30":{"start":{"line":59,"column":20},"end":{"line":62,"column":21}},"31":{"start":{"line":60,"column":24},"end":{"line":60,"column":55}},"32":{"start":{"line":61,"column":24},"end":{"line":61,"column":30}},"33":{"start":{"line":64,"column":16},"end":{"line":64,"column":28}},"34":{"start":{"line":67,"column":12},"end":{"line":67,"column":37}},"35":{"start":{"line":68,"column":12},"end":{"line":68,"column":24}},"36":{"start":{"line":71,"column":8},"end":{"line":79,"column":10}},"37":{"start":{"line":72,"column":12},"end":{"line":73,"column":66}},"38":{"start":{"line":75,"column":12},"end":{"line":77,"column":13}},"39":{"start":{"line":76,"column":16},"end":{"line":76,"column":47}},"40":{"start":{"line":78,"column":12},"end":{"line":78,"column":25}},"41":{"start":{"line":81,"column":8},"end":{"line":81,"column":21}},"42":{"start":{"line":84,"column":4},"end":{"line":102,"column":6}},"43":{"start":{"line":85,"column":8},"end":{"line":86,"column":27}},"44":{"start":{"line":88,"column":8},"end":{"line":90,"column":9}},"45":{"start":{"line":89,"column":12},"end":{"line":89,"column":58}},"46":{"start":{"line":92,"column":8},"end":{"line":99,"column":9}},"47":{"start":{"line":93,"column":12},"end":{"line":93,"column":24}},"48":{"start":{"line":95,"column":12},"end":{"line":97,"column":13}},"49":{"start":{"line":96,"column":16},"end":{"line":96,"column":64}},"50":{"start":{"line":98,"column":12},"end":{"line":98,"column":26}},"51":{"start":{"line":101,"column":8},"end":{"line":101,"column":39}},"52":{"start":{"line":104,"column":4},"end":{"line":109,"column":5}},"53":{"start":{"line":105,"column":8},"end":{"line":107,"column":11}},"54":{"start":{"line":106,"column":12},"end":{"line":106,"column":24}},"55":{"start":{"line":108,"column":8},"end":{"line":108,"column":15}},"56":{"start":{"line":111,"column":4},"end":{"line":114,"column":5}},"57":{"start":{"line":112,"column":8},"end":{"line":112,"column":30}},"58":{"start":{"line":113,"column":8},"end":{"line":113,"column":15}},"59":{"start":{"line":116,"column":4},"end":{"line":116,"column":26}}},"branchMap":{"1":{"line":12,"type":"binary-expr","locations":[{"start":{"line":12,"column":46},"end":{"line":12,"column":50}},{"start":{"line":12,"column":54},"end":{"line":12,"column":58}}]},"2":{"line":21,"type":"if","locations":[{"start":{"line":21,"column":12},"end":{"line":21,"column":12}},{"start":{"line":21,"column":12},"end":{"line":21,"column":12}}]},"3":{"line":25,"type":"cond-expr","locations":[{"start":{"line":25,"column":58},"end":{"line":25,"column":61}},{"start":{"line":25,"column":64},"end":{"line":25,"column":90}}]},"4":{"line":26,"type":"cond-expr","locations":[{"start":{"line":26,"column":59},"end":{"line":26,"column":62}},{"start":{"line":26,"column":66},"end":{"line":26,"column":122}}]},"5":{"line":26,"type":"cond-expr","locations":[{"start":{"line":26,"column":104},"end":{"line":26,"column":106}},{"start":{"line":26,"column":109},"end":{"line":26,"column":122}}]},"6":{"line":26,"type":"binary-expr","locations":[{"start":{"line":26,"column":67},"end":{"line":26,"column":71}},{"start":{"line":26,"column":75},"end":{"line":26,"column":100}}]},"7":{"line":27,"type":"cond-expr","locations":[{"start":{"line":27,"column":69},"end":{"line":27,"column":71}},{"start":{"line":27,"column":75},"end":{"line":27,"column":107}}]},"8":{"line":27,"type":"binary-expr","locations":[{"start":{"line":27,"column":34},"end":{"line":27,"column":38}},{"start":{"line":27,"column":42},"end":{"line":27,"column":65}}]},"9":{"line":27,"type":"cond-expr","locations":[{"start":{"line":27,"column":89},"end":{"line":27,"column":96}},{"start":{"line":27,"column":99},"end":{"line":27,"column":107}}]},"10":{"line":37,"type":"if","locations":[{"start":{"line":37,"column":12},"end":{"line":37,"column":12}},{"start":{"line":37,"column":12},"end":{"line":37,"column":12}}]},"11":{"line":53,"type":"if","locations":[{"start":{"line":53,"column":12},"end":{"line":53,"column":12}},{"start":{"line":53,"column":12},"end":{"line":53,"column":12}}]},"12":{"line":57,"type":"if","locations":[{"start":{"line":57,"column":12},"end":{"line":57,"column":12}},{"start":{"line":57,"column":12},"end":{"line":57,"column":12}}]},"13":{"line":59,"type":"if","locations":[{"start":{"line":59,"column":20},"end":{"line":59,"column":20}},{"start":{"line":59,"column":20},"end":{"line":59,"column":20}}]},"14":{"line":73,"type":"cond-expr","locations":[{"start":{"line":73,"column":37},"end":{"line":73,"column":45}},{"start":{"line":73,"column":48},"end":{"line":73,"column":65}}]},"15":{"line":75,"type":"if","locations":[{"start":{"line":75,"column":12},"end":{"line":75,"column":12}},{"start":{"line":75,"column":12},"end":{"line":75,"column":12}}]},"16":{"line":75,"type":"binary-expr","locations":[{"start":{"line":75,"column":16},"end":{"line":75,"column":26}},{"start":{"line":75,"column":30},"end":{"line":75,"column":61}}]},"17":{"line":88,"type":"if","locations":[{"start":{"line":88,"column":8},"end":{"line":88,"column":8}},{"start":{"line":88,"column":8},"end":{"line":88,"column":8}}]},"18":{"line":92,"type":"if","locations":[{"start":{"line":92,"column":8},"end":{"line":92,"column":8}},{"start":{"line":92,"column":8},"end":{"line":92,"column":8}}]},"19":{"line":104,"type":"if","locations":[{"start":{"line":104,"column":4},"end":{"line":104,"column":4}},{"start":{"line":104,"column":4},"end":{"line":104,"column":4}}]},"20":{"line":104,"type":"binary-expr","locations":[{"start":{"line":104,"column":8},"end":{"line":104,"column":36}},{"start":{"line":104,"column":40},"end":{"line":104,"column":50}}]},"21":{"line":111,"type":"if","locations":[{"start":{"line":111,"column":4},"end":{"line":111,"column":4}},{"start":{"line":111,"column":4},"end":{"line":111,"column":4}}]},"22":{"line":111,"type":"binary-expr","locations":[{"start":{"line":111,"column":8},"end":{"line":111,"column":37}},{"start":{"line":111,"column":41},"end":{"line":111,"column":55}}]},"23":{"line":117,"type":"cond-expr","locations":[{"start":{"line":117,"column":36},"end":{"line":117,"column":42}},{"start":{"line":117,"column":45},"end":{"line":117,"column":47}}]}}}}