TN:
SF:jupiter.min.js
FN:6,(anonymous_1)
FN:6,n
FN:6,(anonymous_3)
FN:6,(anonymous_4)
FN:6,(anonymous_5)
FN:6,(anonymous_6)
FN:6,(anonymous_7)
FN:6,(anonymous_8)
FN:6,(anonymous_9)
FN:6,(anonymous_10)
FNF:10
FNH:8
FNDA:1,(anonymous_1)
FNDA:26,n
FNDA:7,(anonymous_3)
FNDA:7,(anonymous_4)
FNDA:0,(anonymous_5)
FNDA:7,(anonymous_6)
FNDA:1,(anonymous_7)
FNDA:2,(anonymous_8)
FNDA:5,(anonymous_9)
FNDA:0,(anonymous_10)
DA:6,26
LF:1
LH:1
BRDA:6,1,0,26
BRDA:6,1,1,0
BRDA:6,2,0,7
BRDA:6,2,1,5
BRDA:6,3,0,2
BRDA:6,3,1,5
BRDA:6,4,0,5
BRDA:6,4,1,2
BRDA:6,5,0,2
BRDA:6,5,1,0
BRDA:6,6,0,2
BRDA:6,6,1,2
BRDA:6,7,0,1
BRDA:6,7,1,6
BRDA:6,8,0,7
BRDA:6,8,1,3
BRDA:6,9,0,1
BRDA:6,9,1,5
BRDA:6,10,0,0
BRDA:6,10,1,7
BRDA:6,11,0,0
BRDA:6,11,1,1
BRDA:6,12,0,0
BRDA:6,12,1,1
BRDA:6,13,0,0
BRDA:6,13,1,0
BRDA:6,14,0,0
BRDA:6,14,1,2
BRDA:6,15,0,2
BRDA:6,15,1,2
BRDA:6,15,2,2
BRDA:6,16,0,0
BRDA:6,16,1,5
BRDA:6,17,0,1
BRDA:6,17,1,4
BRDA:6,18,0,0
BRDA:6,18,1,1
BRDA:6,19,0,1
BRDA:6,19,1,0
BRDA:6,20,0,1
BRDA:6,20,1,0
BRDA:6,21,0,1
BRDA:6,21,1,1
BRDA:6,22,0,0
BRDA:6,22,1,1
BRF:45
BRH:32
end_of_record
TN:
SF:jupiter.js
FN:7,(anonymous_1)
FN:11,typeOf
FN:15,(anonymous_3)
FN:18,(anonymous_4)
FN:26,(anonymous_5)
FN:34,(anonymous_6)
FN:50,(anonymous_7)
FN:71,(anonymous_8)
FN:84,(anonymous_9)
FN:105,(anonymous_10)
FNF:10
FNH:8
FNDA:1,(anonymous_1)
FNDA:26,typeOf
FNDA:7,(anonymous_3)
FNDA:7,(anonymous_4)
FNDA:0,(anonymous_5)
FNDA:7,(anonymous_6)
FNDA:1,(anonymous_7)
FNDA:2,(anonymous_8)
FNDA:5,(anonymous_9)
FNDA:0,(anonymous_10)
DA:7,1
DA:8,1
DA:11,1
DA:12,26
DA:15,1
DA:16,7
DA:18,7
DA:19,7
DA:21,7
DA:22,5
DA:25,7
DA:26,7
DA:27,7
DA:29,7
DA:31,7
DA:34,7
DA:35,7
DA:37,7
DA:38,0
DA:41,7
DA:43,7
DA:44,10
DA:47,7
DA:50,7
DA:51,1
DA:53,1
DA:54,0
DA:57,1
DA:58,0
DA:59,0
DA:60,0
DA:61,0
DA:64,0
DA:67,1
DA:68,1
DA:71,7
DA:72,2
DA:75,2
DA:76,2
DA:78,2
DA:81,7
DA:84,1
DA:85,5
DA:88,5
DA:89,0
DA:92,5
DA:93,1
DA:95,1
DA:96,3
DA:98,1
DA:101,4
DA:104,1
DA:105,0
DA:106,0
DA:108,0
DA:111,1
DA:112,1
DA:113,1
DA:116,0
LF:59
LH:47
BRDA:12,1,0,26
BRDA:12,1,1,0
BRDA:21,2,0,5
BRDA:21,2,1,2
BRDA:25,3,0,2
BRDA:25,3,1,5
BRDA:26,4,0,5
BRDA:26,4,1,2
BRDA:26,5,0,2
BRDA:26,5,1,0
BRDA:26,6,0,2
BRDA:26,6,1,2
BRDA:27,7,0,1
BRDA:27,7,1,6
BRDA:27,8,0,7
BRDA:27,8,1,3
BRDA:27,9,0,1
BRDA:27,9,1,5
BRDA:37,10,0,0
BRDA:37,10,1,7
BRDA:53,11,0,0
BRDA:53,11,1,1
BRDA:57,12,0,0
BRDA:57,12,1,1
BRDA:59,13,0,0
BRDA:59,13,1,0
BRDA:73,14,0,0
BRDA:73,14,1,2
BRDA:75,15,0,2
BRDA:75,15,1,0
BRDA:75,16,0,2
BRDA:75,16,1,2
BRDA:88,17,0,0
BRDA:88,17,1,5
BRDA:92,18,0,1
BRDA:92,18,1,4
BRDA:104,19,0,0
BRDA:104,19,1,1
BRDA:104,20,0,1
BRDA:104,20,1,0
BRDA:111,21,0,1
BRDA:111,21,1,0
BRDA:111,22,0,1
BRDA:111,22,1,1
BRDA:117,23,0,0
BRDA:117,23,1,1
BRF:46
BRH:32
end_of_record
